<?xml version="1.0" encoding="UTF-8"?>
<testng-results skipped="0" failed="0" ignored="0" total="1" passed="1">
  <reporter-output>
  </reporter-output>
  <suite name="Default suite" duration-ms="33389" started-at="2019-06-09T07:42:09Z" finished-at="2019-06-09T07:42:42Z">
    <groups>
    </groups>
    <test name="Default test" duration-ms="33389" started-at="2019-06-09T07:42:09Z" finished-at="2019-06-09T07:42:42Z">
      <class name="tests.Tests">
        <test-method status="PASS" signature="setUp()[pri:0, instance:tests.Tests@239963d8]" name="setUp" is-config="true" duration-ms="17171" started-at="2019-06-09T07:42:09Z" finished-at="2019-06-09T07:42:26Z">
          <reporter-output>
          </reporter-output>
        </test-method> <!-- setUp -->
        <test-method status="PASS" signature="testOne()[pri:0, instance:tests.Tests@239963d8]" name="testOne" duration-ms="12907" started-at="2019-06-09T07:42:26Z" finished-at="2019-06-09T07:42:39Z">
          <reporter-output>
          </reporter-output>
        </test-method> <!-- testOne -->
        <test-method status="PASS" signature="tearDown()[pri:0, instance:tests.Tests@239963d8]" name="tearDown" is-config="true" duration-ms="3292" started-at="2019-06-09T07:42:39Z" finished-at="2019-06-09T07:42:42Z">
          <reporter-output>
          </reporter-output>
        </test-method> <!-- tearDown -->
      </class> <!-- tests.Tests -->
    </test> <!-- Default test -->
  </suite> <!-- Default suite -->
</testng-results>
